Removed Pin From Net: NetName=ESP_SW5 Pin=P4-2
Removed Pin From Net: NetName=ESP_SW4 Pin=P4-4
Removed Pin From Net: NetName=ESP_SW2 Pin=P4-8
Removed Pin From Net: NetName=ESP_SW1 Pin=P4-10
Removed Pin From Net: NetName=ESP_SW5 Pin=R24-1
Removed Pin From Net: NetName=ESP_SW4 Pin=R25-1
Removed Pin From Net: NetName=ESP_SW2 Pin=R27-1
Removed Pin From Net: NetName=ESP_SW1 Pin=R28-1
Added Pin To Net: NetName=ESP_SW1 Pin=P4-2
Added Pin To Net: NetName=ESP_SW2 Pin=P4-4
Added Pin To Net: NetName=ESP_SW4 Pin=P4-8
Added Pin To Net: NetName=ESP_SW5 Pin=P4-10
Added Pin To Net: NetName=ESP_SW1 Pin=R24-1
Added Pin To Net: NetName=ESP_SW2 Pin=R25-1
Added Pin To Net: NetName=ESP_SW4 Pin=R27-1
Added Pin To Net: NetName=ESP_SW5 Pin=R28-1
Added Member To Class: ClassName=Sheet1 Member=Component P3 Header 4
Added Member To Class: ClassName=Sheet1 Member=Component P5 Header 5X2
Added Member To Class: ClassName=Sheet1 Member=Component P6 Header 4
Added Member To Class: ClassName=Sheet1 Member=Component R21 Res1
Added Member To Class: ClassName=Sheet1 Member=Component R23 Res1
Added Member To Class: ClassName=Sheet1 Member=Component R27 Res1
Added Member To Class: ClassName=Sheet1 Member=Component R28 Res1
Added Member To Class: ClassName=Sheet1 Member=Component R29 Res1
