Removed Pin From Net: NetName=LED_4 Pin=D8-1
Removed Pin From Net: NetName=GND Pin=R14-2
Removed Pin From Net: NetName=GND Pin=R15-2
Removed Pin From Net: NetName=GND Pin=R16-2
Removed Pin From Net: NetName=GND Pin=R17-2
Removed Member From Class: ClassName=Sheet1 Member=D5
Removed Member From Class: ClassName=Sheet1 Member=D6
Removed Member From Class: ClassName=Sheet1 Member=D7
Removed Member From Class: ClassName=Sheet1 Member=D8
Removed Member From Class: ClassName=Sheet1 Member=R14
Removed Member From Class: ClassName=Sheet1 Member=R15
Removed Member From Class: ClassName=Sheet1 Member=R16
Removed Member From Class: ClassName=Sheet1 Member=R17
Added Component: Designator=P?(HDR1X5)
Add component (AddParameter): Name = "LatestRevisionDate"; Value = "17-Jul-2002"; VariantName = "[No Variations]"
Add component (AddParameter): Name = "LatestRevisionNote"; Value = "Re-released for DXP Platform."; VariantName = "[No Variations]"
Add component (AddParameter): Name = "Publisher"; Value = "Altium Limited"; VariantName = "[No Variations]"
Added Component: Designator=R?(C 0603 / 1608)
Add component (AddParameter): Name = "LatestRevisionDate"; Value = "17-Jul-2002"; VariantName = "[No Variations]"
Add component (AddParameter): Name = "LatestRevisionNote"; Value = "Re-released for DXP Platform."; VariantName = "[No Variations]"
Add component (AddParameter): Name = "PackageDescription"; Value = "Axial Device, Thru-Hole; 2 Leads; 0.3 in Pin Spacing"; VariantName = "[No Variations]"
Add component (AddParameter): Name = "PackageReference"; Value = "AXIAL-0.3"; VariantName = "[No Variations]"
Add component (AddParameter): Name = "Published"; Value = "8-Jun-2000"; VariantName = "[No Variations]"
Add component (AddParameter): Name = "Publisher"; Value = "Altium Limited"; VariantName = "[No Variations]"
Add component (AddParameter): Name = "Value"; Value = "10k"; VariantName = "[No Variations]"
Added Component: Designator=R?(C 0603 / 1608)
Add component (AddParameter): Name = "LatestRevisionDate"; Value = "17-Jul-2002"; VariantName = "[No Variations]"
Add component (AddParameter): Name = "LatestRevisionNote"; Value = "Re-released for DXP Platform."; VariantName = "[No Variations]"
Add component (AddParameter): Name = "PackageDescription"; Value = "Axial Device, Thru-Hole; 2 Leads; 0.3 in Pin Spacing"; VariantName = "[No Variations]"
Add component (AddParameter): Name = "PackageReference"; Value = "AXIAL-0.3"; VariantName = "[No Variations]"
Add component (AddParameter): Name = "Published"; Value = "8-Jun-2000"; VariantName = "[No Variations]"
Add component (AddParameter): Name = "Publisher"; Value = "Altium Limited"; VariantName = "[No Variations]"
Add component (AddParameter): Name = "Value"; Value = "10k"; VariantName = "[No Variations]"
Added Component: Designator=R?(C 0603 / 1608)
Add component (AddParameter): Name = "LatestRevisionDate"; Value = "17-Jul-2002"; VariantName = "[No Variations]"
Add component (AddParameter): Name = "LatestRevisionNote"; Value = "Re-released for DXP Platform."; VariantName = "[No Variations]"
Add component (AddParameter): Name = "PackageDescription"; Value = "Axial Device, Thru-Hole; 2 Leads; 0.3 in Pin Spacing"; VariantName = "[No Variations]"
Add component (AddParameter): Name = "PackageReference"; Value = "AXIAL-0.3"; VariantName = "[No Variations]"
Add component (AddParameter): Name = "Published"; Value = "8-Jun-2000"; VariantName = "[No Variations]"
Add component (AddParameter): Name = "Publisher"; Value = "Altium Limited"; VariantName = "[No Variations]"
Add component (AddParameter): Name = "Value"; Value = "10k"; VariantName = "[No Variations]"
Added Pin To Net: NetName=VCC3V3 Pin=P?-4
Added Pin To Net: NetName=GND Pin=P?-5
Added Pin To Net: NetName=VCC3V3 Pin=R?-2
Added Pin To Net: NetName=VCC3V3 Pin=R?-2
Added Pin To Net: NetName=VCC3V3 Pin=R?-2
Added Pin To Net: NetName=ENC_CLK Pin=P?-1
Added Pin To Net: NetName=ENC_CLK Pin=R?-1
Added Pin To Net: NetName=ENC_CLK Pin=U1-26
Added Net: Name=ENC_CLK
Added Pin To Net: NetName=ENC_DT Pin=P?-2
Added Pin To Net: NetName=ENC_DT Pin=R?-1
Added Pin To Net: NetName=ENC_DT Pin=U1-27
Added Net: Name=ENC_DT
Added Pin To Net: NetName=ENC_SW Pin=P?-3
Added Pin To Net: NetName=ENC_SW Pin=R?-1
Added Pin To Net: NetName=ENC_SW Pin=U1-28
Added Net: Name=ENC_SW
Added Member To Class: ClassName=Sheet1 Member=Component P? Header 5
Added Member To Class: ClassName=Sheet1 Member=Component R? Res1
Added Member To Class: ClassName=Sheet1 Member=Component R? Res1
Added Member To Class: ClassName=Sheet1 Member=Component R? Res1
