Removed Pin From Net: NetName=ESP_SW3 Pin=P3-1
Removed Pin From Net: NetName=GND Pin=P3-2
Removed Pin From Net: NetName=ESP_SW2 Pin=P4-1
Removed Pin From Net: NetName=GND Pin=P4-2
Removed Pin From Net: NetName=ESP_SW1 Pin=P5-1
Removed Pin From Net: NetName=GND Pin=P5-2
Removed Pin From Net: NetName=ESP_SW4 Pin=P7-1
Removed Pin From Net: NetName=GND Pin=P7-2
Removed Pin From Net: NetName=ESP_SW5 Pin=P8-1
Removed Pin From Net: NetName=GND Pin=P8-2
Removed Pin From Net: NetName=ESP_SW3 Pin=R20-1
Removed Pin From Net: NetName=ESP_SW2 Pin=R21-1
Removed Pin From Net: NetName=ESP_SW1 Pin=R22-1
Removed Pin From Net: NetName=ESP_SW4 Pin=R28-1
Removed Pin From Net: NetName=ESP_SW5 Pin=R29-1
Removed Member From Class: ClassName=Sheet1 Member=P7
Removed Member From Class: ClassName=Sheet1 Member=P9
Change Component Footprint: Designator=P4 Old Footprint=HDR1X2 New Footprint=HDR2X5
Change Component Comment : Designator=P4 Old Comment=Header 2 New Comment=Header 5X2
Change Component Designator: OldDesignator=P6 NewDesignator=P3
Change Component Designator: OldDesignator=P9 NewDesignator=P5
Change Component Designator: OldDesignator=P10 NewDesignator=P6
Change Component Designator: OldDesignator=R20 NewDesignator=R28
Change Component Designator: OldDesignator=R21 NewDesignator=R26
Change Component Designator: OldDesignator=R22 NewDesignator=R27
Change Component Designator: OldDesignator=R23 NewDesignator=R20
Change Component Designator: OldDesignator=R24 NewDesignator=R21
Change Component Designator: OldDesignator=R25 NewDesignator=R22
Change Component Designator: OldDesignator=R26 NewDesignator=R23
Change Component Designator: OldDesignator=R27 NewDesignator=R29
Change Component Designator: OldDesignator=R28 NewDesignator=R24
Change Component Designator: OldDesignator=R29 NewDesignator=R25
Added Pin To Net: NetName=GND Pin=P4-1
Added Pin To Net: NetName=ESP_SW5 Pin=P4-2
Added Pin To Net: NetName=GND Pin=P4-3
Added Pin To Net: NetName=ESP_SW4 Pin=P4-4
Added Pin To Net: NetName=GND Pin=P4-5
Added Pin To Net: NetName=ESP_SW3 Pin=P4-6
Added Pin To Net: NetName=GND Pin=P4-7
Added Pin To Net: NetName=ESP_SW2 Pin=P4-8
Added Pin To Net: NetName=GND Pin=P4-9
Added Pin To Net: NetName=ESP_SW1 Pin=P4-10
Added Pin To Net: NetName=ESP_SW5 Pin=R24-1
Added Pin To Net: NetName=ESP_SW4 Pin=R25-1
Added Pin To Net: NetName=ESP_SW3 Pin=R26-1
Added Pin To Net: NetName=ESP_SW2 Pin=R27-1
Added Pin To Net: NetName=ESP_SW1 Pin=R28-1
Change Net Name : Old Net Name=NetR23_1 New Net Name=NetR20_1
Change Net Name : Old Net Name=NetR23_2 New Net Name=NetR20_2
Change Net Name : Old Net Name=NetR27_1 New Net Name=NetR29_1
Added Member To Class: ClassName=Sheet1 Member=Component C4 10uF
Added Member To Class: ClassName=Sheet1 Member=Component C6 22uF
Added Member To Class: ClassName=Sheet1 Member=Component C8 Cap
Added Member To Class: ClassName=Sheet1 Member=Component D5 B5819W
Added Member To Class: ClassName=Sheet1 Member=Component P4 Header 5X2
Added Member To Class: ClassName=Sheet1 Member=Component R2 Res1
Added Member To Class: ClassName=Sheet1 Member=Component R3 Res1
Added Member To Class: ClassName=Sheet1 Member=Component R7 Res1
Added Member To Class: ClassName=Sheet1 Member=Component R8 Res1
Added Member To Class: ClassName=Sheet1 Member=Component R9 Res1
Added Member To Class: ClassName=Sheet1 Member=Component R10 Res1
Added Member To Class: ClassName=Sheet1 Member=Component R11 Res1
Added Member To Class: ClassName=Sheet1 Member=Component R13 Res1
Added Member To Class: ClassName=Sheet1 Member=Component R15 Res1
Added Member To Class: ClassName=Sheet1 Member=Component R17 Res1
Added Member To Class: ClassName=Sheet1 Member=Component R19 Res1
Added Member To Class: ClassName=Sheet1 Member=Component R24 Res1
Added Member To Class: ClassName=Sheet1 Member=Component R26 Res1
Added Member To Class: ClassName=Sheet1 Member=Component R27 Res1
Added Member To Class: ClassName=Sheet1 Member=Component R28 Res1
Added Member To Class: ClassName=Sheet1 Member=Component R29 Res1
Added Member To Class: ClassName=Sheet1 Member=Component R30 Res1
